SF:lib\services\route_registry.dart
DA:22,16
DA:32,16
DA:33,16
DA:35,16
DA:36,16
DA:37,16
DA:41,16
DA:42,16
DA:44,0
DA:50,32
DA:51,32
DA:52,32
DA:53,32
DA:54,32
DA:55,32
DA:58,16
DA:59,16
DA:60,16
DA:61,16
DA:62,16
DA:63,16
DA:64,16
DA:74,15
DA:77,15
DA:78,120
DA:79,75
DA:80,15
DA:81,135
DA:82,135
DA:83,156
DA:87,108
DA:88,96
DA:89,60
DA:90,24
DA:93,16
DA:94,32
DA:96,48
DA:97,32
DA:98,48
DA:99,48
DA:100,32
DA:101,32
DA:107,16
DA:108,16
DA:109,32
DA:110,48
DA:111,80
DA:112,48
DA:113,48
DA:114,32
DA:115,32
DA:123,16
DA:127,116
DA:129,16
DA:130,48
DA:131,0
DA:132,0
DA:133,0
DA:134,0
DA:135,0
DA:137,48
DA:138,16
DA:142,0
DA:143,0
DA:145,0
DA:146,0
DA:150,14
DA:151,28
DA:153,14
DA:154,14
DA:158,16
DA:159,64
DA:160,0
DA:161,0
DA:162,0
DA:163,0
DA:164,0
DA:168,15
DA:169,15
DA:170,30
DA:171,27
DA:172,30
LF:82
LH:67
end_of_record
SF:lib\services\active_route_manager.dart
DA:13,8
DA:24,14
DA:59,36
DA:60,42
DA:62,15
DA:69,15
DA:70,15
DA:71,15
DA:73,17
DA:74,15
DA:75,45
DA:78,14
DA:79,14
DA:80,98
DA:83,14
DA:85,56
DA:86,70
DA:89,28
DA:90,14
DA:91,14
DA:93,25
DA:94,41
DA:96,44
DA:97,44
DA:99,8
DA:100,8
DA:101,8
DA:102,8
DA:108,14
DA:109,98
DA:111,28
DA:112,16
DA:113,8
DA:114,8
DA:115,24
DA:117,35
DA:120,6
DA:121,6
DA:122,6
DA:123,12
DA:124,6
DA:125,18
DA:126,18
DA:127,18
DA:132,14
DA:133,15
DA:134,14
DA:137,98
DA:140,6
DA:142,24
DA:143,30
DA:145,14
DA:146,42
DA:149,98
DA:150,22
DA:151,16
DA:152,16
DA:153,8
DA:155,32
DA:156,8
DA:157,8
DA:160,42
DA:161,14
DA:162,14
DA:163,14
DA:171,14
DA:172,14
DA:173,14
DA:175,14
DA:176,14
DA:177,14
DA:185,8
DA:187,24
DA:188,16
DA:189,16
DA:192,24
DA:193,0
DA:194,0
DA:196,0
DA:197,0
DA:204,11
DA:205,22
DA:206,22
LF:83
LH:79
end_of_record
SF:lib\services\snap_to_route.dart
DA:20,22
DA:34,22
DA:45,44
DA:46,0
DA:59,44
DA:61,34
DA:62,34
DA:66,22
DA:71,17
DA:72,34
DA:73,51
DA:74,136
DA:77,17
DA:79,44
DA:80,22
DA:81,44
DA:82,22
DA:83,22
DA:84,22
DA:88,66
DA:93,17
DA:94,24
DA:95,6
DA:96,12
DA:97,6
DA:98,6
DA:99,6
DA:103,3
DA:113,3
DA:114,3
DA:116,9
DA:118,1
DA:120,0
DA:121,0
DA:122,0
DA:123,0
DA:124,0
DA:125,0
DA:129,0
DA:140,36
DA:145,28
DA:147,22
DA:159,22
DA:160,110
DA:163,22
DA:165,132
DA:166,44
DA:169,44
DA:170,44
DA:171,44
DA:172,44
DA:173,44
DA:174,44
DA:176,22
DA:177,22
DA:178,22
DA:179,22
DA:180,66
DA:181,106
DA:182,43
DA:184,44
DA:185,44
DA:186,22
DA:187,22
DA:188,22
LF:65
LH:57
end_of_record
SF:lib\services\event_bus.dart
DA:5,0
DA:11,3
DA:12,0
DA:18,7
DA:19,0
DA:25,2
DA:26,0
DA:30,0
DA:31,0
DA:32,0
DA:37,6
DA:38,0
DA:44,5
DA:45,0
DA:49,0
DA:50,0
DA:54,20
DA:55,0
DA:60,102
DA:61,68
DA:62,34
DA:66,6
DA:68,34
DA:69,68
DA:70,68
DA:73,0
LF:26
LH:13
end_of_record
SF:lib\services\alarm_orchestrator.dart
DA:19,0
DA:20,0
DA:25,0
DA:26,0
DA:34,0
DA:35,0
DA:40,4
DA:42,0
DA:49,4
DA:54,0
DA:55,0
DA:56,1
DA:57,1
DA:61,2
DA:67,2
DA:69,6
DA:70,2
DA:72,4
DA:73,2
DA:83,4
DA:84,2
DA:86,4
DA:87,2
DA:88,2
DA:89,2
DA:91,8
DA:92,8
DA:94,0
DA:100,1
DA:101,1
DA:102,2
DA:104,1
DA:106,2
DA:107,1
DA:108,1
DA:109,1
DA:111,4
DA:113,0
DA:117,4
DA:122,4
DA:123,0
DA:126,4
DA:128,8
DA:129,12
DA:131,0
DA:136,8
DA:137,3
DA:138,6
DA:139,3
DA:140,9
DA:142,3
DA:144,8
DA:146,4
DA:147,2
DA:150,3
DA:152,6
DA:156,3
DA:157,2
DA:159,9
DA:164,0
DA:165,0
DA:166,0
DA:167,0
LF:63
LH:46
end_of_record
SF:lib\services\alarm_scheduler.dart
DA:12,3
DA:14,6
DA:15,6
DA:16,9
DA:19,2
DA:21,4
DA:22,4
DA:23,10
LF:8
LH:8
end_of_record
SF:lib\services\pending_alarm_store.dart
DA:10,2
DA:11,2
DA:12,2
DA:13,4
DA:16,2
DA:17,2
DA:18,2
DA:19,2
DA:20,2
DA:23,2
DA:24,2
DA:25,2
DA:26,2
LF:13
LH:13
end_of_record
SF:lib\models\pending_alarm.dart
DA:14,4
DA:25,0
DA:34,0
DA:35,0
DA:36,0
DA:37,0
DA:38,0
DA:39,0
DA:40,0
DA:41,0
DA:42,0
DA:45,8
DA:46,4
DA:47,4
DA:48,4
DA:49,4
DA:50,4
DA:51,4
DA:52,4
DA:53,4
DA:56,2
DA:57,1
DA:58,1
DA:59,2
DA:60,2
DA:61,1
DA:62,1
DA:63,1
DA:64,1
DA:67,12
DA:68,1
DA:69,1
DA:70,2
DA:73,1
DA:75,1
DA:76,3
DA:77,3
DA:78,3
DA:79,3
DA:80,3
DA:81,3
DA:82,3
DA:83,3
DA:85,0
DA:86,0
DA:88,0
DA:89,0
LF:47
LH:33
end_of_record
SF:lib\config\power_policy.dart
DA:10,56
DA:18,21
DA:28,0
DA:30,0
DA:40,0
LF:5
LH:2
end_of_record
SF:lib\logging\app_logger.dart
DA:7,44
DA:11,22
DA:12,88
DA:13,44
DA:14,44
DA:15,66
DA:16,44
DA:19,20
DA:20,20
DA:21,19
DA:22,19
DA:23,0
DA:24,0
DA:25,0
DA:26,0
DA:28,176
LF:16
LH:12
end_of_record
SF:lib\screens\alarm_fullscreen.dart
DA:9,0
DA:11,0
DA:13,0
DA:15,0
DA:16,0
DA:17,0
DA:19,0
DA:21,0
DA:22,0
DA:24,0
DA:26,0
DA:27,0
DA:28,0
DA:29,0
DA:30,0
DA:35,0
DA:36,0
DA:37,0
DA:38,0
DA:39,0
DA:40,0
DA:41,0
LF:22
LH:0
end_of_record
SF:lib\services\alarm_player.dart
DA:11,60
DA:13,20
DA:17,20
DA:18,20
DA:19,20
DA:22,0
DA:31,0
DA:32,0
DA:37,0
DA:38,0
DA:45,0
DA:46,0
DA:47,0
DA:49,0
DA:57,0
DA:60,20
DA:61,20
DA:65,0
DA:66,0
DA:68,0
DA:75,40
DA:79,40
LF:22
LH:9
end_of_record
SF:lib\services\trackingservice.dart
DA:46,20
DA:50,21
DA:52,42
DA:54,0
DA:56,0
DA:58,21
DA:60,42
DA:61,42
DA:62,63
DA:64,0
DA:65,0
DA:66,0
DA:82,1
DA:84,3
DA:85,63
DA:86,42
DA:87,21
DA:91,0
DA:92,9
DA:93,3
DA:95,0
DA:97,0
DA:98,0
DA:107,0
DA:116,21
DA:124,21
DA:125,21
DA:126,21
DA:134,42
DA:137,0
DA:138,0
DA:141,0
DA:142,0
DA:147,0
DA:150,20
DA:153,20
DA:154,40
DA:156,0
DA:160,20
DA:163,0
DA:164,0
DA:168,1
DA:170,2
DA:172,0
DA:174,0
DA:176,0
DA:180,0
DA:182,0
DA:214,42
DA:222,34
DA:223,4
DA:224,35
DA:227,30
DA:232,27
DA:233,9
DA:234,12
DA:256,21
DA:260,21
DA:261,14
DA:262,14
DA:267,8
DA:273,8
DA:274,4
DA:275,4
DA:286,4
DA:287,4
DA:288,4
DA:289,0
DA:290,4
DA:291,4
DA:296,20
DA:298,20
DA:300,20
DA:303,3
DA:304,3
DA:310,20
DA:313,9
DA:315,9
DA:317,9
DA:319,9
DA:321,9
DA:323,9
DA:325,9
DA:331,20
DA:333,40
DA:339,0
DA:345,8
DA:348,20
DA:352,20
DA:354,40
DA:356,0
DA:363,20
DA:364,13
DA:365,13
DA:366,13
DA:367,13
DA:368,13
DA:370,26
DA:374,39
DA:375,13
DA:376,26
DA:378,8
DA:381,12
DA:383,4
DA:384,12
DA:386,6
DA:390,12
DA:391,4
DA:392,8
DA:398,20
DA:401,4
DA:402,8
DA:403,8
DA:405,12
DA:408,4
DA:412,4
DA:414,8
DA:416,4
DA:422,0
DA:436,40
DA:441,6
DA:443,6
DA:445,5
DA:446,20
DA:448,5
DA:449,20
DA:451,5
DA:456,0
DA:461,8
DA:462,6
DA:463,6
DA:465,6
DA:468,16
DA:469,14
DA:470,12
DA:471,8
DA:477,24
DA:478,12
DA:479,12
DA:480,12
DA:481,12
DA:484,2
DA:490,0
DA:491,0
DA:495,14
DA:496,16
DA:497,8
DA:502,4
DA:503,4
DA:509,12
DA:510,13
DA:512,12
DA:518,0
DA:525,12
DA:534,20
DA:537,16
DA:538,4
DA:542,4
DA:543,8
DA:544,8
DA:546,4
DA:554,15
DA:555,12
DA:556,6
DA:560,16
DA:561,4
DA:562,4
DA:573,1
DA:574,1
DA:575,1
DA:576,3
DA:577,1
DA:580,2
DA:583,3
DA:587,1
DA:595,12
DA:603,45
DA:608,45
DA:612,15
DA:615,30
DA:621,0
DA:629,15
DA:631,0
DA:638,0
DA:640,0
DA:642,0
DA:644,0
DA:647,20
DA:648,80
DA:651,21
DA:653,21
DA:655,42
DA:658,42
DA:659,0
DA:662,42
DA:664,0
DA:665,0
DA:666,0
DA:667,0
DA:670,0
DA:671,0
DA:673,0
DA:675,0
DA:676,0
DA:678,0
DA:681,0
DA:685,0
DA:693,0
DA:694,0
DA:695,0
DA:697,0
DA:698,0
DA:702,0
DA:703,0
DA:704,0
DA:705,0
DA:711,0
DA:713,0
DA:719,0
DA:721,0
DA:727,0
DA:731,0
DA:732,0
DA:738,0
DA:743,42
DA:745,0
DA:748,42
DA:751,0
DA:754,0
DA:755,0
DA:756,0
DA:757,0
DA:758,0
DA:759,0
DA:760,0
DA:761,0
DA:762,0
DA:763,0
DA:764,0
DA:766,0
DA:772,63
DA:773,21
DA:774,21
DA:775,42
DA:777,21
DA:778,21
DA:779,21
DA:780,8
DA:781,4
DA:783,18
DA:786,84
DA:788,30
DA:789,30
DA:790,20
DA:792,42
DA:793,21
DA:795,43
DA:796,2
DA:797,1
DA:798,5
DA:803,42
DA:805,1
DA:809,42
DA:811,21
DA:816,21
DA:819,42
DA:822,0
DA:824,0
DA:828,0
DA:830,0
DA:831,0
DA:835,42
DA:836,0
DA:839,0
DA:842,0
DA:844,0
DA:850,0
DA:854,21
DA:859,0
DA:860,0
DA:861,0
DA:865,10
DA:871,10
DA:877,20
DA:879,10
DA:880,10
DA:885,10
DA:889,10
DA:893,10
DA:897,10
DA:902,29
DA:903,18
DA:905,9
DA:908,63
DA:909,27
DA:910,9
DA:913,9
DA:918,21
DA:919,2
DA:921,1
DA:924,29
DA:925,9
DA:927,9
DA:928,63
DA:929,27
DA:930,9
DA:935,9
DA:936,14
DA:938,3
DA:941,3
DA:942,3
DA:943,3
DA:944,1
DA:949,2
DA:950,1
DA:951,2
DA:952,5
DA:963,4
DA:967,4
DA:970,3
DA:973,3
DA:974,3
DA:975,3
DA:976,1
DA:981,2
DA:982,1
DA:983,2
DA:984,5
DA:991,6
DA:993,23
DA:994,3
DA:995,3
DA:997,6
DA:1001,0
DA:1010,0
DA:1013,0
DA:1018,0
DA:1019,0
DA:1025,0
DA:1027,0
DA:1032,4
DA:1037,7
DA:1047,7
DA:1049,7
DA:1051,14
DA:1052,7
DA:1054,1
DA:1055,14
DA:1056,12
DA:1061,7
DA:1069,7
DA:1070,2
DA:1074,7
DA:1081,7
DA:1082,7
DA:1083,7
DA:1084,7
DA:1086,14
DA:1087,7
DA:1088,14
DA:1091,14
DA:1094,14
DA:1095,2
DA:1097,4
DA:1098,4
DA:1100,2
DA:1107,11
DA:1108,6
DA:1118,14
DA:1124,7
DA:1134,21
DA:1136,0
DA:1140,1
DA:1141,20
DA:1144,0
DA:1145,0
DA:1149,21
DA:1150,0
DA:1152,21
DA:1155,0
DA:1159,21
DA:1160,21
DA:1161,21
DA:1166,1
DA:1168,0
DA:1171,41
DA:1172,40
DA:1173,20
DA:1174,60
DA:1178,0
DA:1184,20
DA:1185,20
DA:1186,20
DA:1187,20
DA:1188,20
DA:1195,3
DA:1201,100
DA:1202,59
DA:1203,20
DA:1205,80
DA:1206,19
DA:1209,40
DA:1211,100
DA:1216,20
DA:1218,27
DA:1219,9
DA:1226,20
DA:1227,20
DA:1228,20
DA:1229,20
DA:1230,20
DA:1231,20
DA:1232,20
DA:1233,20
DA:1237,9
DA:1240,54
DA:1241,9
DA:1242,9
DA:1243,9
DA:1244,9
DA:1247,9
DA:1248,9
DA:1251,18
DA:1252,16
DA:1254,18
DA:1255,18
DA:1259,20
DA:1265,0
DA:1266,0
DA:1267,20
DA:1268,20
DA:1269,20
DA:1270,20
DA:1271,20
DA:1273,20
DA:1274,20
DA:1276,60
DA:1281,20
DA:1282,8
DA:1285,13
DA:1287,0
DA:1294,20
DA:1296,40
DA:1297,20
DA:1298,20
DA:1301,20
DA:1302,80
DA:1303,60
DA:1306,0
DA:1307,21
DA:1308,41
DA:1311,40
DA:1312,40
DA:1314,3
DA:1318,3
DA:1324,20
DA:1327,20
DA:1328,8
DA:1332,13
DA:1334,3
DA:1342,20
DA:1347,0
DA:1354,0
DA:1356,0
DA:1357,0
DA:1358,0
DA:1369,0
DA:1374,0
DA:1375,0
DA:1380,0
DA:1381,0
DA:1382,0
DA:1383,0
DA:1386,0
DA:1387,0
DA:1389,0
DA:1392,0
DA:1393,0
DA:1394,0
DA:1404,0
DA:1405,0
DA:1406,0
DA:1407,0
DA:1408,0
DA:1412,0
DA:1413,0
DA:1415,0
DA:1416,0
DA:1417,0
DA:1422,0
LF:490
LH:349
end_of_record
SF:lib\services\notification_service.dart
DA:17,72
DA:18,48
DA:19,24
DA:27,54
DA:29,45
DA:39,0
DA:45,0
DA:51,0
DA:57,20
DA:59,20
DA:61,40
DA:66,0
DA:67,0
DA:68,0
DA:70,0
DA:71,0
DA:72,0
DA:77,21
DA:78,21
DA:90,42
DA:92,0
DA:93,0
DA:94,0
DA:95,0
DA:96,0
DA:99,0
DA:100,0
DA:101,0
DA:104,0
DA:106,0
DA:107,0
DA:108,0
DA:110,0
DA:112,0
DA:113,0
DA:127,0
DA:128,0
DA:129,0
DA:131,0
DA:136,0
DA:137,0
DA:139,0
DA:145,0
DA:152,0
DA:160,0
DA:163,0
DA:167,20
DA:175,2
DA:178,51
DA:182,34
DA:191,6
DA:194,3
DA:195,0
DA:196,0
DA:197,0
DA:198,0
DA:202,0
DA:203,0
DA:209,0
DA:211,0
DA:223,0
DA:225,0
DA:229,0
DA:235,0
DA:237,0
DA:252,0
DA:253,0
DA:254,0
DA:259,0
DA:264,0
DA:268,0
DA:271,0
DA:276,0
DA:281,0
DA:287,0
DA:290,0
DA:292,0
DA:293,0
DA:294,0
DA:305,0
DA:307,0
DA:311,0
DA:316,1
DA:321,1
DA:331,3
DA:335,1
DA:337,4
DA:338,2
DA:345,2
DA:349,5
DA:351,8
DA:355,1
DA:357,1
DA:358,1
DA:360,1
DA:361,1
DA:362,1
DA:363,1
DA:364,1
DA:365,1
DA:366,1
DA:367,2
DA:369,0
DA:370,0
DA:374,0
DA:379,0
DA:382,0
DA:384,0
DA:385,0
DA:386,0
DA:387,0
DA:390,0
DA:391,0
DA:392,0
LF:114
LH:37
end_of_record
SF:lib\services\log.dart
DA:10,4
DA:12,4
DA:15,4
DA:16,4
DA:19,0
DA:20,0
DA:23,5
DA:24,15
LF:8
LH:6
end_of_record
SF:lib\services\api_client.dart
DA:18,38
DA:19,4
DA:20,1
DA:21,1
DA:22,0
DA:23,0
DA:24,0
DA:26,0
DA:27,0
DA:28,0
DA:34,9
DA:36,4
DA:37,9
DA:38,2
DA:39,4
DA:40,4
DA:46,19
DA:58,4
DA:59,4
DA:61,8
DA:63,4
DA:67,4
DA:69,8
DA:70,2
DA:75,0
DA:80,0
DA:82,0
DA:83,0
DA:84,0
DA:85,0
DA:86,0
DA:88,0
DA:89,0
DA:91,0
DA:94,0
DA:100,4
DA:101,4
DA:102,4
DA:105,4
DA:106,5
DA:107,1
DA:111,12
DA:115,4
DA:116,4
DA:118,8
DA:120,2
DA:122,2
DA:123,1
DA:126,3
DA:128,4
DA:129,2
DA:130,2
DA:133,8
DA:136,4
DA:138,6
DA:143,2
DA:145,4
DA:146,1
DA:147,0
DA:148,0
DA:149,0
DA:150,0
DA:155,1
DA:156,0
DA:157,0
DA:159,2
DA:161,1
DA:163,1
DA:167,1
DA:169,1
DA:171,2
DA:173,1
DA:174,2
DA:175,3
DA:177,0
DA:178,0
DA:179,0
DA:180,0
DA:183,0
DA:186,3
DA:188,1
DA:191,2
DA:192,2
DA:193,2
DA:194,2
DA:195,1
DA:196,1
DA:197,1
DA:198,3
DA:199,1
DA:200,1
DA:201,3
DA:203,0
DA:206,4
DA:209,2
DA:210,1
DA:212,2
DA:213,2
DA:214,4
DA:215,2
DA:216,2
DA:217,3
DA:218,1
DA:219,4
DA:220,2
DA:221,1
DA:228,1
DA:229,1
DA:230,1
DA:231,3
DA:233,1
DA:235,1
DA:236,1
DA:237,3
DA:240,2
DA:245,1
DA:247,1
DA:248,1
DA:249,1
DA:250,1
DA:251,0
DA:252,2
DA:254,2
DA:255,1
DA:256,2
DA:257,1
DA:258,2
DA:259,0
DA:263,3
DA:266,0
DA:267,0
DA:268,0
DA:269,0
DA:270,0
DA:271,0
DA:272,0
DA:278,1
DA:279,1
DA:281,2
DA:282,1
DA:286,1
DA:287,1
DA:291,1
DA:292,3
DA:299,5
DA:309,4
DA:310,1
DA:311,1
DA:312,1
DA:313,1
DA:321,4
DA:322,1
DA:323,1
DA:324,1
DA:326,1
DA:327,1
DA:334,3
DA:335,3
DA:336,3
DA:338,3
DA:339,3
DA:340,3
DA:341,3
DA:342,3
DA:343,3
DA:344,3
DA:345,3
DA:354,0
DA:357,2
DA:358,0
DA:359,0
DA:362,2
DA:364,0
DA:367,3
DA:370,1
DA:372,1
DA:373,1
DA:374,0
DA:376,1
DA:377,2
DA:380,1
DA:381,1
DA:384,0
DA:387,3
DA:389,4
DA:390,2
DA:394,2
DA:395,0
DA:396,0
DA:399,0
DA:400,0
DA:401,0
DA:402,0
DA:404,0
DA:405,0
DA:408,0
DA:414,2
DA:415,2
DA:418,0
DA:421,2
DA:422,2
DA:432,4
DA:438,8
DA:440,4
DA:441,4
DA:442,4
DA:443,4
DA:444,1
DA:447,4
DA:452,1
DA:458,2
DA:460,1
DA:461,1
DA:462,0
DA:463,1
DA:464,1
DA:467,1
DA:470,1
DA:471,1
DA:472,3
DA:475,0
DA:479,1
DA:483,2
DA:485,1
DA:486,1
DA:487,1
DA:490,1
DA:493,1
DA:497,0
DA:501,0
DA:503,0
DA:509,0
DA:512,0
DA:513,0
DA:514,0
DA:517,0
DA:521,0
DA:524,0
DA:526,0
DA:530,0
DA:533,0
DA:534,0
LF:242
LH:172
end_of_record
SF:lib\services\secure_storage.dart
DA:14,0
DA:15,0
DA:16,0
DA:17,0
DA:18,0
DA:19,0
DA:20,0
DA:21,0
DA:22,0
DA:28,4
DA:29,8
DA:30,4
DA:31,8
DA:32,0
DA:33,0
DA:34,0
DA:35,0
DA:36,0
DA:37,0
LF:19
LH:4
end_of_record
SF:lib\services\ssl_pinning.dart
DA:11,0
DA:22,0
DA:24,0
DA:26,0
DA:27,0
DA:35,0
DA:36,0
DA:37,0
DA:38,0
DA:55,0
DA:56,0
DA:58,0
DA:59,0
DA:60,0
DA:61,0
DA:62,0
DA:63,0
DA:65,0
DA:67,0
DA:73,1
DA:74,1
DA:75,2
DA:82,1
DA:83,1
DA:85,4
DA:86,6
DA:88,2
DA:93,0
DA:94,0
DA:95,0
DA:96,0
DA:97,0
LF:32
LH:8
end_of_record
SF:lib\services\deviation_monitor.dart
DA:9,9
DA:23,56
DA:25,45
DA:26,36
DA:34,30
DA:40,10
DA:45,9
DA:46,9
DA:47,18
DA:48,18
DA:50,9
DA:51,9
DA:52,6
DA:53,6
DA:54,6
DA:58,6
DA:60,1
DA:61,1
DA:62,1
DA:65,36
DA:66,4
DA:71,27
DA:72,9
DA:73,9
DA:80,1
DA:81,1
DA:82,1
DA:83,1
DA:86,9
DA:87,18
LF:30
LH:30
end_of_record
SF:lib\services\direction_service.dart
DA:25,14
DA:28,3
DA:39,3
DA:40,3
DA:43,2
DA:50,4
DA:51,4
DA:52,4
DA:56,3
DA:61,3
DA:62,6
DA:63,3
DA:64,0
DA:65,0
DA:67,0
DA:70,1
DA:74,4
DA:75,6
DA:76,2
DA:77,2
DA:83,6
DA:84,3
DA:85,3
DA:90,12
DA:91,0
DA:96,9
DA:97,6
DA:98,9
DA:99,6
DA:101,3
DA:103,3
DA:105,3
DA:110,3
DA:111,6
DA:115,3
DA:121,6
DA:124,3
DA:131,0
DA:136,0
DA:137,0
DA:142,0
DA:143,0
DA:144,0
DA:146,0
DA:148,0
DA:151,0
DA:152,0
DA:153,0
DA:155,0
DA:162,0
DA:163,0
DA:165,0
DA:166,0
DA:167,0
DA:168,0
DA:169,0
DA:172,0
DA:189,0
DA:190,0
DA:192,0
DA:193,0
DA:194,0
DA:200,0
DA:201,0
DA:202,0
DA:203,0
DA:204,0
DA:207,0
DA:220,0
DA:222,0
DA:223,0
DA:224,0
DA:228,0
DA:229,0
DA:232,0
DA:235,0
DA:236,0
DA:237,0
DA:239,0
DA:244,0
DA:245,0
DA:248,0
DA:249,0
DA:254,0
DA:257,0
DA:262,0
DA:263,0
DA:267,0
DA:269,0
DA:272,0
DA:273,0
DA:274,0
DA:276,0
DA:281,0
DA:282,0
DA:285,0
DA:286,0
DA:291,0
DA:300,3
DA:301,3
DA:302,6
DA:304,3
DA:305,3
DA:306,6
DA:310,3
DA:311,6
DA:312,6
DA:313,6
LF:108
LH:43
end_of_record
SF:lib\services\polyline_decoder.dart
DA:5,8
DA:6,8
DA:7,0
DA:9,8
DA:11,8
DA:16,8
DA:21,24
DA:22,24
DA:23,8
DA:24,8
DA:25,24
DA:26,8
DA:31,24
DA:32,24
DA:33,8
DA:34,8
DA:35,34
DA:36,8
DA:38,32
LF:19
LH:18
end_of_record
SF:lib\services\polyline_simplifier.dart
DA:13,5
DA:14,10
DA:19,8
DA:20,8
DA:21,2
DA:28,2
DA:29,3
DA:30,2
DA:32,4
DA:35,6
DA:41,2
DA:43,9
DA:44,0
DA:48,4
DA:49,4
DA:50,4
DA:51,4
DA:52,4
DA:53,4
DA:56,2
DA:57,2
DA:60,18
DA:61,4
DA:64,4
DA:65,4
DA:68,2
DA:72,2
DA:73,4
DA:77,0
DA:79,0
DA:80,0
DA:81,0
DA:82,0
DA:84,0
DA:85,0
DA:86,0
DA:87,0
DA:91,2
DA:93,2
DA:94,2
DA:95,12
DA:96,18
DA:97,10
DA:98,2
DA:103,6
DA:106,36
DA:107,6
DA:109,12
DA:111,6
DA:115,2
DA:117,2
DA:119,2
DA:120,2
DA:121,2
DA:122,12
LF:55
LH:45
end_of_record
SF:lib\services\route_cache.dart
DA:18,8
DA:28,14
DA:29,14
DA:30,14
DA:31,21
DA:32,42
DA:33,42
DA:34,14
DA:35,15
DA:38,6
DA:39,6
DA:40,6
DA:41,6
DA:42,6
DA:43,12
DA:44,12
DA:45,30
DA:46,30
DA:47,6
DA:48,6
DA:61,7
DA:62,6
DA:64,14
DA:66,0
DA:68,0
DA:69,0
DA:71,0
DA:78,14
DA:85,42
DA:86,28
DA:87,84
DA:88,84
DA:89,14
DA:90,9
DA:95,6
DA:103,6
DA:104,6
DA:110,6
DA:113,6
DA:114,6
DA:117,24
DA:118,2
DA:119,2
DA:124,6
DA:125,6
DA:126,6
DA:127,12
DA:128,12
DA:130,6
DA:131,0
DA:132,0
DA:138,2
DA:139,1
DA:144,7
DA:145,7
DA:146,7
DA:147,14
DA:148,7
DA:150,14
DA:155,0
DA:156,0
DA:159,0
DA:160,0
DA:161,0
DA:168,0
DA:169,0
DA:172,0
DA:177,5
DA:178,5
DA:179,5
LF:70
LH:56
end_of_record
SF:lib\services\idle_power_scaler.dart
DA:19,22
DA:33,42
DA:35,21
DA:37,63
DA:38,84
DA:39,20
DA:42,63
DA:43,21
DA:44,21
DA:49,42
DA:50,20
DA:51,20
DA:54,25
DA:55,25
DA:56,25
DA:57,10
DA:58,3
DA:59,3
DA:63,16
DA:64,3
DA:70,3
DA:71,12
DA:72,48
DA:73,12
DA:75,3
DA:76,9
DA:77,10
DA:79,4
DA:80,10
DA:81,2
DA:84,1
DA:85,1
DA:89,5
DA:91,10
DA:92,10
DA:93,85
DA:94,25
DA:95,5
DA:97,15
DA:105,21
LF:40
LH:40
end_of_record
SF:lib\services\metrics\metrics.dart
DA:6,69
DA:7,0
DA:14,23
DA:15,23
DA:16,46
DA:17,46
DA:18,69
DA:20,0
DA:21,0
DA:22,0
DA:23,0
DA:27,69
DA:28,23
DA:33,115
DA:34,115
DA:36,0
DA:37,0
DA:38,0
DA:39,0
DA:40,0
DA:41,0
DA:42,0
LF:22
LH:10
end_of_record
SF:lib\services\navigation_service.dart
DA:4,3
LF:1
LH:1
end_of_record
SF:lib\services\offline_coordinator.dart
DA:12,1
DA:31,0
DA:42,0
DA:66,0
DA:73,0
DA:90,11
DA:94,10
DA:95,10
DA:98,0
DA:99,0
DA:102,0
DA:103,0
DA:104,0
DA:105,0
DA:110,1
DA:121,1
DA:122,2
DA:129,1
DA:131,2
DA:135,2
DA:136,1
DA:137,1
DA:138,1
DA:139,1
DA:145,1
DA:148,0
DA:149,0
LF:27
LH:15
end_of_record
SF:lib\services\refactor\alarm_orchestrator_impl.dart
DA:19,24
DA:20,48
DA:45,0
DA:46,0
DA:47,0
DA:48,0
DA:49,0
DA:50,0
DA:51,0
DA:53,0
DA:55,0
DA:56,0
DA:57,0
DA:58,0
DA:59,0
DA:60,0
DA:61,0
DA:65,24
DA:69,24
DA:71,24
DA:74,24
DA:76,24
DA:77,48
DA:78,24
DA:79,24
DA:80,24
DA:81,24
DA:82,24
DA:83,24
DA:86,23
DA:88,46
DA:89,69
DA:90,23
DA:92,23
DA:93,23
DA:95,115
DA:99,46
DA:100,66
DA:101,44
DA:105,69
DA:107,4
DA:108,28
DA:110,16
DA:111,23
DA:112,1
DA:113,2
DA:119,46
DA:120,28
DA:122,50
DA:123,2
DA:125,61
DA:127,15
DA:128,20
DA:129,10
DA:130,10
DA:131,10
DA:138,16
DA:139,28
DA:140,28
DA:141,70
DA:142,42
DA:144,3
DA:147,3
DA:151,30
DA:152,1
DA:153,1
DA:158,30
DA:159,3
DA:160,1
DA:161,2
DA:162,2
DA:163,2
DA:164,1
DA:165,1
DA:166,1
DA:169,3
DA:170,2
DA:173,23
DA:174,92
DA:177,6
DA:178,6
DA:179,6
DA:180,12
DA:181,6
DA:182,6
DA:183,18
DA:185,30
DA:186,18
DA:189,7
DA:190,28
DA:193,0
DA:195,0
DA:196,0
DA:197,0
DA:198,0
DA:199,0
DA:200,0
DA:201,0
DA:205,28
DA:206,16
DA:207,8
DA:208,1
DA:209,6
DA:210,1
DA:212,2
DA:214,23
DA:217,161
DA:218,46
DA:219,115
DA:222,69
LF:110
LH:87
end_of_record
SF:lib\services\refactor\interfaces.dart
DA:13,0
DA:22,0
DA:57,82
DA:71,27
DA:85,0
LF:5
LH:2
end_of_record
SF:lib\services\refactor\location_types.dart
DA:11,23
DA:29,13
DA:44,0
DA:58,7
LF:4
LH:3
end_of_record
SF:lib\services\transfer_utils.dart
DA:7,9
DA:8,0
DA:9,0
DA:10,0
DA:11,0
DA:13,0
DA:14,0
DA:15,0
DA:16,0
DA:21,2
DA:22,2
DA:25,2
DA:26,2
DA:27,2
DA:28,2
DA:30,4
DA:31,2
DA:32,6
DA:33,2
DA:34,4
DA:35,2
DA:36,4
DA:37,2
DA:39,4
DA:40,4
DA:44,7
DA:45,2
DA:46,2
DA:47,2
DA:48,4
DA:49,4
DA:53,2
DA:55,2
DA:61,0
DA:67,8
DA:68,8
DA:70,8
DA:71,8
DA:72,8
DA:73,8
DA:76,16
DA:77,8
DA:78,24
DA:79,8
DA:80,8
DA:81,16
DA:84,8
DA:85,6
DA:86,12
DA:88,16
DA:91,8
DA:92,16
DA:93,16
DA:97,16
DA:98,7
DA:99,27
DA:100,8
DA:101,8
DA:102,8
DA:103,16
DA:104,16
DA:108,8
DA:109,16
DA:117,0
DA:120,32
DA:121,8
DA:123,16
DA:124,24
DA:125,8
DA:126,8
DA:134,7
DA:135,7
DA:136,7
DA:138,7
DA:139,7
DA:140,7
DA:141,7
DA:144,14
DA:145,7
DA:146,14
DA:148,14
DA:149,14
DA:150,14
DA:151,7
DA:152,7
DA:153,12
DA:155,7
DA:156,7
DA:160,0
DA:165,6
DA:167,6
DA:169,6
DA:171,6
DA:173,0
DA:181,0
DA:183,0
DA:184,0
DA:185,0
DA:186,0
DA:188,0
DA:189,0
DA:190,0
DA:192,0
DA:195,0
DA:196,0
DA:197,0
DA:198,0
DA:208,0
DA:214,0
DA:215,0
DA:218,0
DA:219,0
DA:220,0
DA:225,0
LF:114
LH:82
end_of_record
SF:lib\services\reroute_policy.dart
DA:7,5
DA:16,33
DA:18,12
DA:22,0
DA:23,1
DA:24,1
DA:27,0
DA:28,0
DA:31,5
DA:32,21
DA:34,5
DA:36,5
DA:37,0
DA:38,0
DA:41,5
DA:42,12
DA:43,12
DA:46,5
DA:47,15
DA:48,15
DA:51,9
DA:52,18
LF:22
LH:17
end_of_record
SF:lib\services\sensor_fusion.dart
DA:30,0
DA:35,3
DA:38,0
DA:39,6
DA:40,6
DA:41,6
DA:42,6
DA:43,6
DA:49,3
DA:50,10
DA:51,1
DA:52,4
DA:53,1
DA:56,4
DA:58,0
DA:59,0
DA:60,0
DA:61,0
DA:62,0
DA:67,10
DA:68,10
DA:71,4
DA:72,4
DA:75,2
DA:76,7
DA:77,2
DA:78,2
DA:79,3
DA:84,3
DA:85,6
DA:86,3
DA:90,0
DA:91,0
DA:92,0
DA:93,0
DA:94,0
DA:95,0
DA:96,0
DA:97,0
DA:98,0
DA:99,0
DA:102,3
DA:103,3
DA:104,6
LF:44
LH:27
end_of_record
SF:lib\services\alarm_restore_service.dart
DA:16,1
DA:21,0
DA:24,0
DA:26,1
DA:27,2
DA:29,2
DA:30,2
DA:31,4
DA:32,1
DA:33,2
DA:36,2
DA:42,0
DA:45,1
DA:46,2
DA:51,3
DA:52,2
LF:16
LH:13
end_of_record
SF:lib\services\deviation_detection.dart
DA:14,2
DA:22,2
DA:23,10
DA:27,2
DA:33,8
DA:34,4
DA:35,2
DA:36,2
DA:42,4
DA:43,14
DA:47,2
DA:51,2
DA:52,2
DA:53,4
DA:54,0
DA:57,4
DA:58,6
DA:59,16
DA:62,2
DA:65,8
DA:66,2
DA:67,4
DA:68,2
DA:69,2
DA:70,2
DA:74,6
DA:77,2
DA:80,2
DA:82,2
DA:83,10
DA:84,4
DA:86,4
DA:87,4
DA:88,4
DA:89,4
DA:90,4
DA:91,4
DA:92,2
DA:93,2
DA:94,2
DA:95,2
DA:96,6
DA:97,10
DA:98,4
DA:99,4
DA:100,4
DA:101,6
DA:104,4
DA:109,1
DA:119,1
DA:120,1
DA:121,1
DA:122,2
DA:123,1
DA:125,2
DA:126,2
DA:127,2
DA:129,1
LF:58
LH:57
end_of_record
SF:lib\models\route_models.dart
DA:11,0
DA:33,2
LF:2
LH:1
end_of_record
SF:lib\services\eta_utils.dart
DA:2,2
DA:7,2
DA:8,2
DA:9,6
DA:13,4
DA:17,8
DA:18,1
DA:20,4
DA:22,4
DA:23,6
DA:24,4
DA:25,4
DA:26,2
DA:27,6
DA:30,8
DA:31,4
DA:33,2
LF:17
LH:17
end_of_record
SF:lib\services\places_service.dart
DA:11,1
DA:12,1
DA:14,5
DA:15,4
DA:16,1
DA:18,1
DA:21,0
DA:22,0
DA:23,0
DA:28,1
DA:35,1
DA:38,0
DA:42,1
DA:43,1
DA:46,2
DA:53,3
DA:54,1
DA:55,1
DA:57,1
DA:59,0
DA:60,0
DA:65,1
DA:67,1
DA:68,2
DA:70,2
DA:71,1
DA:72,1
DA:73,1
DA:74,1
DA:79,0
LF:30
LH:23
end_of_record
